[debug] [2020-08-22T22:56:55.207Z] ----------------------------------------------------------------------
[debug] [2020-08-22T22:56:55.209Z] Command:       /usr/local/bin/node /usr/local/bin/firebase deploy --only hosting
[debug] [2020-08-22T22:56:55.209Z] CLI Version:   8.9.0
[debug] [2020-08-22T22:56:55.209Z] Platform:      darwin
[debug] [2020-08-22T22:56:55.209Z] Node Version:  v12.1.0
[debug] [2020-08-22T22:56:55.210Z] Time:          Sat Aug 22 2020 15:56:55 GMT-0700 (Pacific Daylight Time)
[debug] [2020-08-22T22:56:55.210Z] ----------------------------------------------------------------------
[debug] [2020-08-22T22:56:55.210Z] 
[debug] [2020-08-22T22:56:55.218Z] > command requires scopes: ["email","openid","https://www.googleapis.com/auth/cloudplatformprojects.readonly","https://www.googleapis.com/auth/firebase","https://www.googleapis.com/auth/cloud-platform"]
[debug] [2020-08-22T22:56:55.218Z] > authorizing via signed-in user
[debug] [2020-08-22T22:56:55.219Z] [iam] checking project fire-510a3 for permissions ["firebase.projects.get","firebasehosting.sites.update"]
[debug] [2020-08-22T22:56:55.221Z] >>> HTTP REQUEST POST https://cloudresourcemanager.googleapis.com/v1/projects/fire-510a3:testIamPermissions  
 {"permissions":["firebase.projects.get","firebasehosting.sites.update"]}
[debug] [2020-08-22T22:56:55.244Z] [iam] error while checking permissions, command may fail: FirebaseError: Server Error. getaddrinfo ENOTFOUND cloudresourcemanager.googleapis.com
[debug] [2020-08-22T22:56:55.245Z] >>> HTTP REQUEST GET https://firebase.googleapis.com/v1beta1/projects/fire-510a3  
 
[debug] [2020-08-22T22:56:55.248Z] Server Error. getaddrinfo ENOTFOUND firebase.googleapis.com
[debug] [2020-08-22T22:56:55.253Z] FirebaseError: Server Error. getaddrinfo ENOTFOUND firebase.googleapis.com
    at Request._callback (/usr/local/lib/node_modules/firebase-tools/lib/api.js:32:31)
    at self.callback (/usr/local/lib/node_modules/firebase-tools/node_modules/request/request.js:185:22)
    at Request.emit (events.js:196:13)
    at Request.EventEmitter.emit (domain.js:471:20)
    at Request.onRequestError (/usr/local/lib/node_modules/firebase-tools/node_modules/request/request.js:877:8)
    at ClientRequest.emit (events.js:201:15)
    at ClientRequest.EventEmitter.emit (domain.js:471:20)
    at TLSSocket.socketErrorListener (_http_client.js:402:9)
    at TLSSocket.emit (events.js:196:13)
    at TLSSocket.EventEmitter.emit (domain.js:471:20)
    at emitErrorNT (internal/streams/destroy.js:91:8)
    at emitErrorAndCloseNT (internal/streams/destroy.js:59:3)
    at processTicksAndRejections (internal/process/task_queues.js:84:17)
[error] 
[error] Error: Failed to get Firebase project fire-510a3. Please make sure the project exists and your account has permission to access it.
